<?xml version="1.0" encoding="UTF-8"?>
<!-- Generated by org.testng.reporters.JUnitXMLReporter -->
<testsuite ignored="0" hostname="DESKTOP-RI13JPR" failures="1" tests="1" name="Test AA" time="0.032" errors="0" timestamp="06 Jun. 2022 23:56:36 GMT">
  <testcase classname="a_family.AA" name="testAA" time="0.0">
    <failure type="org.testng.TestNGException" message="
Method public void a_family.AA.testAA(java.lang.String,java.lang.String) throws java.lang.Exception requires a @DataProvider named : getDataAAFamily in class dataprovider_repository.RepoData">
      <![CDATA[org.testng.TestNGException: 
Method public void a_family.AA.testAA(java.lang.String,java.lang.String) throws java.lang.Exception requires a @DataProvider named : getDataAAFamily in class dataprovider_repository.RepoData
... Removed 23 stack frames]]>
    </failure>
  </testcase> <!-- testAA -->
</testsuite> <!-- Test AA -->
