<?xml version="1.0" encoding="UTF-8"?>
<!-- Generated by org.testng.reporters.JUnitXMLReporter -->
<testsuite ignored="0" hostname="DESKTOP-RI13JPR" failures="1" tests="1" name="Test AAA" time="0.009" errors="0" timestamp="06 Jun. 2022 23:56:36 GMT">
  <testcase classname="a_family.AAA" name="testAAA" time="0.0">
    <failure type="org.testng.TestNGException" message="
Method public void a_family.AAA.testAAA(java.lang.String,java.lang.String) throws java.lang.Exception requires a @DataProvider named : getDataAAAFamily in class dataprovider_repository.RepoData">
      <![CDATA[org.testng.TestNGException: 
Method public void a_family.AAA.testAAA(java.lang.String,java.lang.String) throws java.lang.Exception requires a @DataProvider named : getDataAAAFamily in class dataprovider_repository.RepoData
... Removed 23 stack frames]]>
    </failure>
  </testcase> <!-- testAAA -->
</testsuite> <!-- Test AAA -->
