<?xml version="1.0" encoding="UTF-8"?>
<!-- Generated by org.testng.reporters.JUnitXMLReporter -->
<testsuite ignored="0" hostname="DESKTOP-RI13JPR" failures="1" tests="1" name="Test BB" time="0.01" errors="0" timestamp="06 Jun. 2022 23:56:38 GMT">
  <testcase classname="b_family.BB" name="testBB" time="0.0">
    <failure type="org.testng.TestNGException" message="
Method public void b_family.BB.testBB(java.lang.String,java.lang.String) throws java.lang.Exception requires a @DataProvider named : getDataBBFamily in class dataprovider_repository.RepoData">
      <![CDATA[org.testng.TestNGException: 
Method public void b_family.BB.testBB(java.lang.String,java.lang.String) throws java.lang.Exception requires a @DataProvider named : getDataBBFamily in class dataprovider_repository.RepoData
... Removed 23 stack frames]]>
    </failure>
  </testcase> <!-- testBB -->
</testsuite> <!-- Test BB -->
