<?xml version="1.0" encoding="UTF-8"?>
<!-- Generated by org.testng.reporters.JUnitXMLReporter -->
<testsuite ignored="0" hostname="DESKTOP-RI13JPR" failures="1" tests="1" name="Test BBB" time="0.022" errors="0" timestamp="06 Jun. 2022 23:56:38 GMT">
  <testcase classname="b_family.BBB" name="testBBB" time="0.0">
    <failure type="org.testng.TestNGException" message="
Method public void b_family.BBB.testBBB(java.lang.String,java.lang.String) throws java.lang.Exception requires a @DataProvider named : getDataBBBFamily in class dataprovider_repository.RepoData">
      <![CDATA[org.testng.TestNGException: 
Method public void b_family.BBB.testBBB(java.lang.String,java.lang.String) throws java.lang.Exception requires a @DataProvider named : getDataBBBFamily in class dataprovider_repository.RepoData
... Removed 23 stack frames]]>
    </failure>
  </testcase> <!-- testBBB -->
</testsuite> <!-- Test BBB -->
