<?xml version="1.0" encoding="UTF-8"?>
<!-- Generated by org.testng.reporters.JUnitXMLReporter -->
<testsuite ignored="0" hostname="DESKTOP-RI13JPR" failures="1" tests="1" name="Test CC" time="0.006" errors="0" timestamp="06 Jun. 2022 23:56:41 GMT">
  <testcase classname="c_family.CC" name="testCC" time="0.0">
    <failure type="org.testng.TestNGException" message="
Method public void c_family.CC.testCC(java.lang.String,java.lang.String) throws java.lang.Exception requires a @DataProvider named : getDataCCFamily in class dataprovider_repository.RepoData">
      <![CDATA[org.testng.TestNGException: 
Method public void c_family.CC.testCC(java.lang.String,java.lang.String) throws java.lang.Exception requires a @DataProvider named : getDataCCFamily in class dataprovider_repository.RepoData
... Removed 23 stack frames]]>
    </failure>
  </testcase> <!-- testCC -->
</testsuite> <!-- Test CC -->
